2023-07-05 18:34:00,113 - model.pytorch.supervisor - INFO - Log directory: data/model\GCRN_DR_1_h_7_32_lr_0.05_bs_32_0705183400/
2023-07-05 18:34:00,491 - model.pytorch.supervisor - INFO - Model created
2023-07-05 18:34:00,507 - model.pytorch.supervisor - INFO - Start training ...
2023-07-05 18:34:00,507 - model.pytorch.supervisor - INFO - num_batches:42
2023-07-05 18:34:00,827 - model.pytorch.supervisor - INFO - Total trainable parameters 91123
2023-07-05 18:34:36,395 - model.pytorch.supervisor - INFO - epoch complete
2023-07-05 18:34:36,405 - model.pytorch.supervisor - INFO - evaluating now!
2023-07-05 18:34:40,170 - model.pytorch.supervisor - INFO - Epoch [0/100] (42) train_mae: 0.5753, val_mae: 0.5677, val_mape: 0.1262, val_rmse: 2.1627, lr: 0.050000, 35.9s, 39.7s
2023-07-05 18:34:42,007 - model.pytorch.supervisor - INFO - Test: mae: 0.4587, mape: 0.1104, rmse: 1.8015
2023-07-05 18:34:42,008 - model.pytorch.supervisor - INFO - Horizon 15mins: mae: 0.4582, mape: 0.1158, rmse: 1.8076
2023-07-05 18:34:42,009 - model.pytorch.supervisor - INFO - Horizon 30mins: mae: 0.4839, mape: 0.1039, rmse: 1.8962
2023-07-05 18:34:42,009 - model.pytorch.supervisor - INFO - Horizon 60mins: mae: nan, mape: nan, rmse: nan
2023-07-05 18:34:42,010 - model.pytorch.supervisor - INFO - Epoch [0/100] (42) train_mae: 0.5753, test_mae: 0.4587, test_mape: 0.1104, test_rmse: 1.8015, lr: 0.050000, 35.9s, 39.7s
2023-07-05 18:35:11,414 - model.pytorch.supervisor - INFO - epoch complete
2023-07-05 18:35:11,414 - model.pytorch.supervisor - INFO - evaluating now!
2023-07-05 18:35:15,122 - model.pytorch.supervisor - INFO - Epoch [1/100] (84) train_mae: 0.4448, val_mae: 0.5404, val_mape: 0.1290, val_rmse: 2.0470, lr: 0.050000, 29.4s, 33.1s
2023-07-05 18:35:46,742 - model.pytorch.supervisor - INFO - epoch complete
2023-07-05 18:35:46,742 - model.pytorch.supervisor - INFO - evaluating now!
2023-07-05 18:35:50,793 - model.pytorch.supervisor - INFO - Epoch [2/100] (126) train_mae: 0.4285, val_mae: 0.5282, val_mape: 0.1190, val_rmse: 2.0409, lr: 0.050000, 31.6s, 35.7s
2023-07-05 18:35:52,777 - model.pytorch.supervisor - INFO - Test: mae: 0.4370, mape: 0.1015, rmse: 1.7628
2023-07-05 18:35:52,777 - model.pytorch.supervisor - INFO - Horizon 15mins: mae: 0.4355, mape: 0.1041, rmse: 1.7851
2023-07-05 18:35:52,793 - model.pytorch.supervisor - INFO - Horizon 30mins: mae: 0.4653, mape: 0.0987, rmse: 1.8612
2023-07-05 18:35:52,793 - model.pytorch.supervisor - INFO - Horizon 60mins: mae: nan, mape: nan, rmse: nan
2023-07-05 18:35:52,795 - model.pytorch.supervisor - INFO - Epoch [2/100] (126) train_mae: 0.4285, test_mae: 0.4370, test_mape: 0.1015, test_rmse: 1.7628, lr: 0.050000, 31.6s, 35.7s
