2023-07-05 17:41:26,741 - model.pytorch.supervisor - INFO - Log directory: data/model\GCRN_DR_1_h_7_32_lr_0.05_bs_32_0705174126/
2023-07-05 17:41:27,130 - model.pytorch.supervisor - INFO - Model created
2023-07-05 17:41:27,144 - model.pytorch.supervisor - INFO - Start training ...
2023-07-05 17:41:27,145 - model.pytorch.supervisor - INFO - num_batches:42
2023-07-05 17:41:27,486 - model.pytorch.supervisor - INFO - Total trainable parameters 91123
2023-07-05 17:41:53,628 - model.pytorch.supervisor - INFO - epoch complete
2023-07-05 17:41:53,629 - model.pytorch.supervisor - INFO - evaluating now!
2023-07-05 17:41:57,017 - model.pytorch.supervisor - INFO - Epoch [0/100] (42) train_mae: 0.5822, val_mae: 0.5518, val_mape: 0.1220, val_rmse: 2.1291, lr: 0.050000, 26.5s, 29.9s
2023-07-05 17:41:58,699 - model.pytorch.supervisor - INFO - Test: mae: 0.4470, mape: 0.1072, rmse: 1.7769
2023-07-05 17:41:58,699 - model.pytorch.supervisor - INFO - Horizon 15mins: mae: 0.4466, mape: 0.1152, rmse: 1.7741
2023-07-05 17:41:58,706 - model.pytorch.supervisor - INFO - Horizon 30mins: mae: 0.4634, mape: 0.0898, rmse: 1.8880
2023-07-05 17:41:58,706 - model.pytorch.supervisor - INFO - Horizon 60mins: mae: nan, mape: nan, rmse: nan
2023-07-05 17:41:58,708 - model.pytorch.supervisor - INFO - Epoch [0/100] (42) train_mae: 0.5822, test_mae: 0.4470, test_mape: 0.1072, test_rmse: 1.7769, lr: 0.050000, 26.5s, 29.9s
2023-07-05 17:42:29,017 - model.pytorch.supervisor - INFO - epoch complete
2023-07-05 17:42:29,017 - model.pytorch.supervisor - INFO - evaluating now!
2023-07-05 17:42:32,953 - model.pytorch.supervisor - INFO - Epoch [1/100] (84) train_mae: 0.4404, val_mae: 0.5289, val_mape: 0.1221, val_rmse: 2.0363, lr: 0.050000, 30.3s, 34.2s
2023-07-05 17:43:04,251 - model.pytorch.supervisor - INFO - epoch complete
2023-07-05 17:43:04,251 - model.pytorch.supervisor - INFO - evaluating now!
2023-07-05 17:43:08,198 - model.pytorch.supervisor - INFO - Epoch [2/100] (126) train_mae: 0.4396, val_mae: 0.5395, val_mape: 0.1403, val_rmse: 2.0053, lr: 0.050000, 31.3s, 35.2s
2023-07-05 17:43:10,170 - model.pytorch.supervisor - INFO - Test: mae: 0.4501, mape: 0.1256, rmse: 1.7094
2023-07-05 17:43:10,170 - model.pytorch.supervisor - INFO - Horizon 15mins: mae: 0.4499, mape: 0.1291, rmse: 1.7325
2023-07-05 17:43:10,170 - model.pytorch.supervisor - INFO - Horizon 30mins: mae: 0.4741, mape: 0.1201, rmse: 1.7985
2023-07-05 17:43:10,170 - model.pytorch.supervisor - INFO - Horizon 60mins: mae: nan, mape: nan, rmse: nan
2023-07-05 17:43:10,170 - model.pytorch.supervisor - INFO - Epoch [2/100] (126) train_mae: 0.4396, test_mae: 0.4501, test_mape: 0.1256, test_rmse: 1.7094, lr: 0.050000, 31.3s, 35.2s
2023-07-05 17:43:39,461 - model.pytorch.supervisor - INFO - epoch complete
2023-07-05 17:43:39,461 - model.pytorch.supervisor - INFO - evaluating now!
2023-07-05 17:43:43,467 - model.pytorch.supervisor - INFO - Epoch [3/100] (168) train_mae: 0.4172, val_mae: 0.5235, val_mape: 0.1308, val_rmse: 2.0037, lr: 0.050000, 29.3s, 33.3s
2023-07-05 17:44:12,565 - model.pytorch.supervisor - INFO - epoch complete
2023-07-05 17:44:12,565 - model.pytorch.supervisor - INFO - evaluating now!
2023-07-05 17:44:16,488 - model.pytorch.supervisor - INFO - Epoch [4/100] (210) train_mae: 0.4150, val_mae: 0.5153, val_mape: 0.1236, val_rmse: 2.0033, lr: 0.050000, 29.1s, 33.0s
2023-07-05 17:44:45,086 - model.pytorch.supervisor - INFO - epoch complete
2023-07-05 17:44:45,086 - model.pytorch.supervisor - INFO - evaluating now!
2023-07-05 17:44:48,749 - model.pytorch.supervisor - INFO - Epoch [5/100] (252) train_mae: 0.4129, val_mae: 0.5123, val_mape: 0.1180, val_rmse: 2.0063, lr: 0.050000, 28.6s, 32.3s
2023-07-05 17:44:50,660 - model.pytorch.supervisor - INFO - Test: mae: 0.4252, mape: 0.1064, rmse: 1.7102
2023-07-05 17:44:50,676 - model.pytorch.supervisor - INFO - Horizon 15mins: mae: 0.4226, mape: 0.1063, rmse: 1.7435
2023-07-05 17:44:50,677 - model.pytorch.supervisor - INFO - Horizon 30mins: mae: 0.4577, mape: 0.1094, rmse: 1.7913
2023-07-05 17:44:50,677 - model.pytorch.supervisor - INFO - Horizon 60mins: mae: nan, mape: nan, rmse: nan
2023-07-05 17:44:50,678 - model.pytorch.supervisor - INFO - Epoch [5/100] (252) train_mae: 0.4129, test_mae: 0.4252, test_mape: 0.1064, test_rmse: 1.7102, lr: 0.050000, 28.6s, 32.3s
2023-07-05 17:45:15,365 - model.pytorch.supervisor - INFO - epoch complete
2023-07-05 17:45:15,365 - model.pytorch.supervisor - INFO - evaluating now!
2023-07-05 17:45:18,792 - model.pytorch.supervisor - INFO - Epoch [6/100] (294) train_mae: 0.4113, val_mae: 0.5109, val_mape: 0.1217, val_rmse: 1.9955, lr: 0.050000, 24.7s, 28.1s
2023-07-05 17:45:43,025 - model.pytorch.supervisor - INFO - epoch complete
2023-07-05 17:45:43,025 - model.pytorch.supervisor - INFO - evaluating now!
2023-07-05 17:45:46,370 - model.pytorch.supervisor - INFO - Epoch [7/100] (336) train_mae: 0.4079, val_mae: 0.5204, val_mape: 0.1261, val_rmse: 2.0038, lr: 0.050000, 24.2s, 27.6s
2023-07-05 17:46:10,690 - model.pytorch.supervisor - INFO - epoch complete
2023-07-05 17:46:10,690 - model.pytorch.supervisor - INFO - evaluating now!
2023-07-05 17:46:14,096 - model.pytorch.supervisor - INFO - Epoch [8/100] (378) train_mae: 0.4108, val_mae: 0.5162, val_mape: 0.1242, val_rmse: 1.9969, lr: 0.050000, 24.3s, 27.7s
2023-07-05 17:46:15,938 - model.pytorch.supervisor - INFO - Test: mae: 0.4283, mape: 0.1114, rmse: 1.6972
2023-07-05 17:46:15,938 - model.pytorch.supervisor - INFO - Horizon 15mins: mae: 0.4288, mape: 0.1132, rmse: 1.7322
2023-07-05 17:46:15,939 - model.pytorch.supervisor - INFO - Horizon 30mins: mae: 0.4552, mape: 0.1110, rmse: 1.7733
2023-07-05 17:46:15,940 - model.pytorch.supervisor - INFO - Horizon 60mins: mae: nan, mape: nan, rmse: nan
2023-07-05 17:46:15,940 - model.pytorch.supervisor - INFO - Epoch [8/100] (378) train_mae: 0.4108, test_mae: 0.4283, test_mape: 0.1114, test_rmse: 1.6972, lr: 0.050000, 24.3s, 27.7s
2023-07-05 17:46:43,843 - model.pytorch.supervisor - INFO - epoch complete
2023-07-05 17:46:43,843 - model.pytorch.supervisor - INFO - evaluating now!
2023-07-05 17:46:47,852 - model.pytorch.supervisor - INFO - Epoch [9/100] (420) train_mae: 0.4092, val_mae: 0.5117, val_mape: 0.1196, val_rmse: 2.0009, lr: 0.050000, 27.9s, 31.9s
